#
# A fatal error has been detected by the Java Runtime Environment:
#
#  SIGSEGV (0xb) at pc=0x0000000929b6c027, pid=12982, tid=0x0000000000010e0b
#
# JRE version: Java(TM) SE Runtime Environment (8.0_201-b09) (build 1.8.0_201-b09)
# Java VM: Java HotSpot(TM) 64-Bit Server VM (25.201-b09 mixed mode bsd-amd64 compressed oops)
# Problematic frame:
# C  [libawt_lwawt.dylib+0x1c027]  OGLSD_SetScratchSurface+0x49
#
# Failed to write core dump. Core dumps have been disabled. To enable core dumping, try "ulimit -c unlimited" before starting Java again
#
# If you would like to submit a bug report, please visit:
#   http://bugreport.java.com/bugreport/crash.jsp
# The crash happened outside the Java Virtual Machine in native code.
# See problematic frame for where to report the bug.
#

---------------  T H R E A D  ---------------

Current thread (0x00007fac5d1af000):  JavaThread "Java2D Queue Flusher" daemon [_thread_in_native, id=69131, stack(0x00007000080f6000,0x00007000081f6000)]

siginfo: si_signo: 11 (SIGSEGV), si_code: 1 (SEGV_MAPERR), si_addr: 0x0000000000000002

Registers:
RAX=0x0000000929b8d5ca, RBX=0x0000000000000002, RCX=0x0000000000000047, RDX=0x0000000929b8db14
RSP=0x00007000081f5700, RBP=0x00007000081f5720, RSI=0x00007fac8cc07250, RDI=0x00007fac5d1af1f8
R8 =0x00000000002237af, R9 =0xffffffff00000000, R10=0x000000011361823b, R11=0x000000010f970913
R12=0x0000000122bff000, R13=0x00000009291d0108, R14=0x00007fac5d1af1f8, R15=0x00007fac5d1af000
RIP=0x0000000929b6c027, EFLAGS=0x0000000000010202, ERR=0x0000000000000004
  TRAPNO=0x000000000000000e

Top of Stack: (sp=0x00007000081f5700)
0x00007000081f5700:   00007fac8cc07250 0000000122bff000
0x00007000081f5710:   00007fac5d1b5a10 00007fac5d1af000
0x00007000081f5720:   00007000081f57a0 0000000929b8d5f2
0x00007000081f5730:   00007fac5d1af000 0000000000010013
0x00007000081f5740:   00007fac7cc77a00 0000000200000001
0x00007000081f5750:   0000000000000000 00007fac5d1af000
0x00007000081f5760:   0000000000000000 00007fac5d1b5a20
0x00007000081f5770:   0000000000533048 00007fac5d1af1f8
0x00007000081f5780:   00000009291d0108 0000000122bff000
0x00007000081f5790:   00007000081f5848 00007fac5d1af000
0x00007000081f57a0:   00007000081f5810 0000000113618267
0x00007000081f57b0:   00007fac5d1af000 00007fac7cc774b8
0x00007000081f57c0:   00007000081f57f0 000000010f9c418c
0x00007000081f57d0:   00007000081f57d0 0000000000000000
0x00007000081f57e0:   00007000081f5848 00000009291d11a0
0x00007000081f57f0:   0000000000000000 00000009291d0108
0x00007000081f5800:   0000000000000000 00007000081f5830
0x00007000081f5810:   00007000081f5890 00000001136083b6
0x00007000081f5820:   0000000000000000 0000000113611e18
0x00007000081f5830:   0000000000000020 00007fac5d1b5a00
0x00007000081f5840:   0000000122c37970 0000000122c37958
0x00007000081f5850:   00007000081f5850 00000009291d01b5
0x00007000081f5860:   00007000081f58a8 00000009291d11a0
0x00007000081f5870:   00000009a0864d58 00000009291d01d8
0x00007000081f5880:   00007000081f5830 00007000081f58b0
0x00007000081f5890:   00007000081f59f0 00000001169e97f4
0x00007000081f58a0:   0000000000000020 0000000122c37958
0x00007000081f58b0:   0000000000000041 00000009291d3cf0
0x00007000081f58c0:   0000000000000000 0000700000000000
0x00007000081f58d0:   00000000000000dc 0000000122bff000
0x00007000081f58e0:   00007000081f5988 00007fac5d1af000
0x00007000081f58f0:   00007000081f5960 000000011362191f 

Instructions: (pc=0x0000000929b6c027)
0x0000000929b6c007:   c0 e9 82 00 00 00 48 8b 5e 10 48 85 db 75 0e bf
0x0000000929b6c017:   01 00 00 00 48 8d 15 a8 96 03 00 eb d6 49 89 fe
0x0000000929b6c027:   4c 8b 3b 30 c0 e8 ff bc 02 00 49 8b 3f 49 89 c4
0x0000000929b6c037:   48 8b 35 02 29 06 00 30 c0 e8 4d be 02 00 48 85 

Register to memory mapping:

RAX=0x0000000929b8d5ca: Java_sun_java2d_opengl_OGLRenderQueue_flushBuffer+0x612 in /Library/Java/JavaVirtualMachines/jdk1.8.0_201.jdk/Contents/Home/jre/lib/libawt_lwawt.dylib at 0x0000000929b50000
RBX=0x0000000000000002 is an unknown value
RCX=0x0000000000000047 is an unknown value
RDX=0x0000000929b8db14: Java_sun_java2d_opengl_OGLRenderQueue_flushBuffer+0xb5c in /Library/Java/JavaVirtualMachines/jdk1.8.0_201.jdk/Contents/Home/jre/lib/libawt_lwawt.dylib at 0x0000000929b50000
RSP=0x00007000081f5700 is pointing into the stack for thread: 0x00007fac5d1af000
RBP=0x00007000081f5720 is pointing into the stack for thread: 0x00007fac5d1af000
RSI=0x00007fac8cc07250 is an unknown value
RDI=0x00007fac5d1af1f8 is an unknown value
R8 =0x00000000002237af is an unknown value
R9 =0xffffffff00000000 is an unknown value
R10=0x000000011361823b is at code_begin+859 in an Interpreter codelet
method entry point (kind = native)  [0x0000000113617ee0, 0x0000000113618860]  2432 bytes
R11=0x000000010f970913: throw_unsatisfied_link_error+0 in /Library/Java/JavaVirtualMachines/jdk1.8.0_201.jdk/Contents/Home/jre/lib/server/libjvm.dylib at 0x000000010f487000
R12=0x0000000122bff000 is an unknown value
R13={method} {0x00000009291d0108} 'flushBuffer' '(JI)V' in 'sun/java2d/opengl/OGLRenderQueue'
R14=0x00007fac5d1af1f8 is an unknown value
R15=0x00007fac5d1af000 is a thread


Stack: [0x00007000080f6000,0x00007000081f6000],  sp=0x00007000081f5700,  free space=1021k
Native frames: (J=compiled Java code, j=interpreted, Vv=VM code, C=native code)
C  [libawt_lwawt.dylib+0x1c027]  OGLSD_SetScratchSurface+0x49
C  [libawt_lwawt.dylib+0x3d5f2]  Java_sun_java2d_opengl_OGLRenderQueue_flushBuffer+0x63a
j  sun.java2d.opengl.OGLRenderQueue.flushBuffer(JI)V+0
j  sun.java2d.opengl.OGLRenderQueue.flushBuffer()V+21
J 18379% C1 sun.java2d.opengl.OGLRenderQueue$QueueFlusher.run()V (234 bytes) @ 0x00000001169e97f4 [0x00000001169e8d20+0xad4]
v  ~StubRoutines::call_stub
V  [libjvm.dylib+0x2f0bea]  JavaCalls::call_helper(JavaValue*, methodHandle*, JavaCallArguments*, Thread*)+0x6ae
V  [libjvm.dylib+0x2f138e]  JavaCalls::call_virtual(JavaValue*, KlassHandle, Symbol*, Symbol*, JavaCallArguments*, Thread*)+0x164
V  [libjvm.dylib+0x2f153a]  JavaCalls::call_virtual(JavaValue*, Handle, KlassHandle, Symbol*, Symbol*, Thread*)+0x4a
V  [libjvm.dylib+0x34be29]  thread_entry(JavaThread*, Thread*)+0x7c
V  [libjvm.dylib+0x570c33]  JavaThread::thread_main_inner()+0x9b
V  [libjvm.dylib+0x57232e]  JavaThread::run()+0x1c2
V  [libjvm.dylib+0x48f3ca]  java_start(Thread*)+0xf6
C  [libsystem_pthread.dylib+0x32eb]  _pthread_body+0x7e
C  [libsystem_pthread.dylib+0x6249]  _pthread_start+0x42
C  [libsystem_pthread.dylib+0x240d]  thread_start+0xd
C  0x0000000000000000

Java frames: (J=compiled Java code, j=interpreted, Vv=VM code)
j  sun.java2d.opengl.OGLRenderQueue.flushBuffer(JI)V+0
j  sun.java2d.opengl.OGLRenderQueue.flushBuffer()V+21
J 18379% C1 sun.java2d.opengl.OGLRenderQueue$QueueFlusher.run()V (234 bytes) @ 0x00000001169e97f4 [0x00000001169e8d20+0xad4]
v  ~StubRoutines::call_stub

---------------  P R O C E S S  ---------------

Java Threads: ( => current thread )
  0x00007fac5d90d000 JavaThread "qtp1069853104-293" [_thread_blocked, id=119563, stack(0x000070000932f000,0x000070000942f000)]
  0x00007fac4f571000 JavaThread "Thread-232" daemon [_thread_blocked, id=120843, stack(0x000070000a35f000,0x000070000a45f000)]
  0x00007fac4f570000 JavaThread "Thread-231" daemon [_thread_blocked, id=119303, stack(0x000070000a25c000,0x000070000a35c000)]
  0x00007fac4f56f800 JavaThread "Thread-230" daemon [_thread_blocked, id=93983, stack(0x000070000a159000,0x000070000a259000)]
  0x00007fac4f56e800 JavaThread "Thread-229" daemon [_thread_blocked, id=114707, stack(0x000070000a056000,0x000070000a156000)]
  0x00007fac4f3e6800 JavaThread "Thread-228" daemon [_thread_blocked, id=119051, stack(0x0000700009f53000,0x000070000a053000)]
  0x00007fac4f5c7000 JavaThread "Thread-227" daemon [_thread_blocked, id=114183, stack(0x0000700009e50000,0x0000700009f50000)]
  0x00007facac3ef800 JavaThread "Thread-226" daemon [_thread_blocked, id=95759, stack(0x0000700007ddb000,0x0000700007edb000)]
  0x00007fab6d1df800 JavaThread "Thread-225" daemon [_thread_blocked, id=117511, stack(0x00007000079c3000,0x0000700007ac3000)]
  0x00007fac98463000 JavaThread "Thread-224" daemon [_thread_blocked, id=95179, stack(0x00007000077bd000,0x00007000078bd000)]
  0x00007facab4da800 JavaThread "qtp940808447-267" [_thread_blocked, id=98311, stack(0x0000700009b47000,0x0000700009c47000)]
  0x00007fac98ff7000 JavaThread "com.google.inject.internal.util.$Finalizer" daemon [_thread_blocked, id=102415, stack(0x0000700008605000,0x0000700008705000)]
  0x00007fac9f826800 JavaThread "pool-2-thread-1" daemon [_thread_blocked, id=68371, stack(0x0000700007ede000,0x0000700007fde000)]
  0x00007fabed00f000 JavaThread "pool-6-thread-1" [_thread_blocked, id=129291, stack(0x0000700007cd8000,0x0000700007dd8000)]
  0x00007fac5d90b800 JavaThread "Scheduler-1242503746" [_thread_blocked, id=47379, stack(0x0000700007bd5000,0x0000700007cd5000)]
  0x00007faca844c800 JavaThread "Scheduler-813621320" [_thread_blocked, id=103987, stack(0x0000700007ad2000,0x0000700007bd2000)]
  0x00007fabbd872800 JavaThread "org.eclipse.jetty.server.session.HashSessionManager@3330766bTimer" daemon [_thread_blocked, id=104195, stack(0x000070000baa4000,0x000070000bba4000)]
  0x00007fac4d093000 JavaThread "TimerQueue" daemon [_thread_blocked, id=64267, stack(0x0000700008502000,0x0000700008602000)]
  0x00007faca9421800 JavaThread "qtp940808447-82-acceptor-1@4f4c48cd-ServerConnector@613df467{HTTP/1.1}{127.0.0.1:8888}" [_thread_blocked, id=100867, stack(0x000070000b79b000,0x000070000b89b000)]
  0x00007fac1e834800 JavaThread "qtp940808447-80-selector-ServerConnectorManager@21290ed2/1" [_thread_in_native, id=114435, stack(0x000070000b595000,0x000070000b695000)]
  0x00007fabbd837800 JavaThread "qtp940808447-78-acceptor-0@5e8eff0-ServerConnector@613df467{HTTP/1.1}{127.0.0.1:8888}" [_thread_blocked, id=99587, stack(0x000070000b38f000,0x000070000b48f000)]
  0x00007fac1e001800 JavaThread "qtp940808447-76-selector-ServerConnectorManager@21290ed2/2" [_thread_in_native, id=98563, stack(0x000070000b189000,0x000070000b289000)]
  0x00007fac9df28000 JavaThread "qtp940808447-74-selector-ServerConnectorManager@21290ed2/3" [_thread_in_native, id=115459, stack(0x000070000af83000,0x000070000b083000)]
  0x00007fac5deb8800 JavaThread "qtp940808447-73-acceptor-2@27f82fd0-ServerConnector@613df467{HTTP/1.1}{127.0.0.1:8888}" [_thread_in_native, id=98051, stack(0x000070000ae80000,0x000070000af80000)]
  0x00007fac1f0b9800 JavaThread "qtp940808447-65-selector-ServerConnectorManager@21290ed2/0" [_thread_in_native, id=118019, stack(0x000070000a668000,0x000070000a768000)]
  0x00007fabed7d1000 JavaThread "GC Daemon" daemon [_thread_blocked, id=94467, stack(0x0000700009d4d000,0x0000700009e4d000)]
  0x00007fabed7cf000 JavaThread "org.eclipse.jetty.server.session.HashSessionManager@25878b20Timer" daemon [_thread_blocked, id=121859, stack(0x0000700009c4a000,0x0000700009d4a000)]
  0x00007faca8096000 JavaThread "qtp1069853104-52-acceptor-2@1134c597-ServerConnector@f24b603{HTTP/1.1}{127.0.0.1:9876}" [_thread_in_native, id=122371, stack(0x0000700009a44000,0x0000700009b44000)]
  0x00007faca87f6800 JavaThread "qtp1069853104-51-acceptor-1@57ab11d4-ServerConnector@f24b603{HTTP/1.1}{127.0.0.1:9876}" [_thread_blocked, id=93443, stack(0x0000700009941000,0x0000700009a41000)]
  0x00007faca804b800 JavaThread "qtp1069853104-50-acceptor-0@1e3484f-ServerConnector@f24b603{HTTP/1.1}{127.0.0.1:9876}" [_thread_blocked, id=93187, stack(0x000070000983e000,0x000070000993e000)]
  0x00007faca80fd000 JavaThread "qtp1069853104-49-selector-ServerConnectorManager@7365f56a/3" [_thread_in_native, id=123139, stack(0x000070000973b000,0x000070000983b000)]
  0x00007fabdfc9e800 JavaThread "qtp1069853104-48-selector-ServerConnectorManager@7365f56a/1" [_thread_in_native, id=123651, stack(0x0000700009638000,0x0000700009738000)]
  0x00007faca86c8000 JavaThread "qtp1069853104-47-selector-ServerConnectorManager@7365f56a/2" [_thread_in_native, id=124163, stack(0x0000700009535000,0x0000700009635000)]
  0x00007faca8717800 JavaThread "qtp1069853104-46-selector-ServerConnectorManager@7365f56a/0" [_thread_in_native, id=124431, stack(0x0000700009432000,0x0000700009532000)]
  0x00007fac4d242800 JavaThread "Thread-14" daemon [_thread_blocked, id=124931, stack(0x000070000922c000,0x000070000932c000)]
  0x00007fac9daed000 JavaThread "Thread-13" daemon [_thread_blocked, id=125187, stack(0x0000700009129000,0x0000700009229000)]
  0x00007fac5de8d000 JavaThread "Thread-12" daemon [_thread_blocked, id=91651, stack(0x0000700009026000,0x0000700009126000)]
  0x00007fac9fe25000 JavaThread "Thread-11" daemon [_thread_blocked, id=91395, stack(0x0000700008f23000,0x0000700009023000)]
  0x00007faca86cc000 JavaThread "Thread-10" daemon [_thread_blocked, id=125955, stack(0x0000700008e20000,0x0000700008f20000)]
  0x00007faca8ba8000 JavaThread "Thread-9" daemon [_thread_blocked, id=126467, stack(0x0000700008d1d000,0x0000700008e1d000)]
  0x00007fac8d226000 JavaThread "Thread-8" daemon [_thread_blocked, id=90883, stack(0x0000700008c1a000,0x0000700008d1a000)]
  0x00007fac9fd58000 JavaThread "Thread-7" daemon [_thread_blocked, id=90627, stack(0x0000700008b17000,0x0000700008c17000)]
  0x00007fac9e4c1000 JavaThread "Thread-6" daemon [_thread_blocked, id=127751, stack(0x0000700008a14000,0x0000700008b14000)]
  0x00007faca8628800 JavaThread "Thread-5" [_thread_blocked, id=128519, stack(0x000070000880e000,0x000070000890e000)]
  0x00007fac5d2c9000 JavaThread "Timer-0" daemon [_thread_blocked, id=128259, stack(0x0000700008911000,0x0000700008a11000)]
  0x00007faca884d800 JavaThread "pool-1-thread-1" [_thread_blocked, id=89347, stack(0x000070000870b000,0x000070000880b000)]
  0x00007fac5d1a3800 JavaThread "AWT-EventQueue-0" [_thread_blocked, id=55555, stack(0x00007000083ff000,0x00007000084ff000)]
  0x00007fac9d82d000 JavaThread "Java2D Disposer" daemon [_thread_blocked, id=65555, stack(0x00007000081f9000,0x00007000082f9000)]
=>0x00007fac5d1af000 JavaThread "Java2D Queue Flusher" daemon [_thread_in_native, id=69131, stack(0x00007000080f6000,0x00007000081f6000)]
  0x00007fac5d19e800 JavaThread "AWT-Shutdown" [_thread_blocked, id=30763, stack(0x00007000075b7000,0x00007000076b7000)]
  0x00007fac5d81e000 JavaThread "AppKit Thread" daemon [_thread_in_native, id=775, stack(0x00007ffedffce000,0x00007ffee07ce000)]
  0x00007faca8027000 JavaThread "Service Thread" daemon [_thread_blocked, id=25603, stack(0x00007000073b1000,0x00007000074b1000)]
  0x00007fac9d026000 JavaThread "C1 CompilerThread11" daemon [_thread_blocked, id=39427, stack(0x00007000072ae000,0x00007000073ae000)]
  0x00007fac9d006000 JavaThread "C1 CompilerThread10" daemon [_thread_blocked, id=39939, stack(0x00007000071ab000,0x00007000072ab000)]
  0x00007fac9f02b000 JavaThread "C1 CompilerThread9" daemon [_thread_blocked, id=25091, stack(0x00007000070a8000,0x00007000071a8000)]
  0x00007fac9f02a800 JavaThread "C1 CompilerThread8" daemon [_thread_blocked, id=40451, stack(0x0000700006fa5000,0x00007000070a5000)]
  0x00007fac9f029800 JavaThread "C2 CompilerThread7" daemon [_thread_blocked, id=24835, stack(0x0000700006ea2000,0x0000700006fa2000)]
  0x00007fac9f029000 JavaThread "C2 CompilerThread6" daemon [_thread_blocked, id=24579, stack(0x0000700006d9f000,0x0000700006e9f000)]
  0x00007fac9f028000 JavaThread "C2 CompilerThread5" daemon [_thread_blocked, id=24323, stack(0x0000700006c9c000,0x0000700006d9c000)]
  0x00007fac9f01f800 JavaThread "C2 CompilerThread4" daemon [_thread_blocked, id=23811, stack(0x0000700006b99000,0x0000700006c99000)]
  0x00007fac9f000000 JavaThread "C2 CompilerThread3" daemon [_thread_blocked, id=23299, stack(0x0000700006a96000,0x0000700006b96000)]
  0x00007faca8004000 JavaThread "C2 CompilerThread2" daemon [_thread_blocked, id=23043, stack(0x0000700006993000,0x0000700006a93000)]
  0x00007faca8003800 JavaThread "C2 CompilerThread1" daemon [_thread_blocked, id=22787, stack(0x0000700006890000,0x0000700006990000)]
  0x00007fac9e081000 JavaThread "C2 CompilerThread0" daemon [_thread_blocked, id=42243, stack(0x000070000678d000,0x000070000688d000)]
  0x00007fac9e071800 JavaThread "Signal Dispatcher" daemon [_thread_blocked, id=42755, stack(0x000070000668a000,0x000070000678a000)]
  0x00007fac9e04b800 JavaThread "Finalizer" daemon [_thread_blocked, id=16643, stack(0x0000700006587000,0x0000700006687000)]
  0x00007fac9e04a800 JavaThread "Reference Handler" daemon [_thread_blocked, id=15107, stack(0x0000700006484000,0x0000700006584000)]
  0x00007fac9f001800 JavaThread "main" [_thread_blocked, id=6915, stack(0x0000700005048000,0x0000700005148000)]

Other Threads:
  0x00007fac9e044000 VMThread [stack: 0x0000700006381000,0x0000700006481000] [id=14851]
  0x00007faca8002800 WatcherThread [stack: 0x00007000074b4000,0x00007000075b4000] [id=38659]

VM state:not at safepoint (normal execution)

VM Mutex/Monitor currently owned by a thread: None

heap address: 0x0000000122c00000, size: 30718 MB, Compressed Oops mode: Non-zero based:0x0000000122bff000, Oop shift amount: 3
Narrow klass base: 0x00000008e8c47000, Narrow klass shift: 0
Compressed class space size: 1073741824 Address: 0x00000008e8c47000

Heap:
 PSYoungGen      total 5540864K, used 0K [0x0000000622b00000, 0x000000078f500000, 0x00000008a2a00000)
  eden space 5113856K, 0% used [0x0000000622b00000,0x0000000622b00000,0x000000075ad00000)
  from space 427008K, 0% used [0x0000000775000000,0x0000000775000000,0x000000078f100000)
  to   space 429056K, 0% used [0x000000075ad00000,0x000000075ad00000,0x0000000775000000)
 ParOldGen       total 1777152K, used 283719K [0x0000000122c00000, 0x000000018f380000, 0x0000000622b00000)
  object space 1777152K, 15% used [0x0000000122c00000,0x0000000134111d30,0x000000018f380000)
 Metaspace       used 70597K, capacity 72020K, committed 73412K, reserved 1114112K
  class space    used 8487K, capacity 8815K, committed 9204K, reserved 1048576K

Card table byte_map: [0x00000008a2a00000,0x00000008a6600000] byte_map_base: 0x00000008a20ea000

Marking Bits: (ParMarkBitMap*) 0x000000010fd82e40
 Begin Bits: [0x00000008a8e00000, 0x00000008c6df8000)
 End Bits:   [0x00000008c6df8000, 0x00000008e4df0000)

Polling page: 0x0000000110484000

CodeCache: size=245760Kb used=54192Kb max_used=54411Kb free=191567Kb
 bounds [0x0000000113600000, 0x0000000116b90000, 0x0000000122600000]
 total_blobs=13869 nmethods=13091 adapters=682
 compilation: enabled

Compilation events (10 events):
Event: 6274.502 Thread 0x00007fac9f02a800 18379 %s!   3       sun.java2d.opengl.OGLRenderQueue$QueueFlusher::run @ 2 (234 bytes)
Event: 6274.504 Thread 0x00007fac9f02a800 nmethod 18379% 0x00000001169e8990 code [0x00000001169e8d20, 0x00000001169eb4d8]
Event: 6382.694 Thread 0x00007fac9f02b000 18380  s!   3       sun.java2d.opengl.OGLRenderQueue$QueueFlusher::run (234 bytes)
Event: 6382.696 Thread 0x00007fac9f02b000 nmethod 18380 0x0000000116b86b90 code [0x0000000116b86f20, 0x0000000116b895f8]
Event: 6906.351 Thread 0x00007fac9f02b000 18381       1       sun.awt.NullComponentPeer::updateGraphicsData (2 bytes)
Event: 6906.351 Thread 0x00007fac9f02b000 nmethod 18381 0x000000011542af50 code [0x000000011542b0a0, 0x000000011542b1d0]
Event: 6906.360 Thread 0x00007faca8004000 18382       4       sun.java2d.SunGraphics2D::invalidatePipe (41 bytes)
Event: 6906.360 Thread 0x00007faca8004000 nmethod 18382 0x0000000116303090 code [0x00000001163031e0, 0x0000000116303298]
Event: 6907.040 Thread 0x00007fac9f029800 18383       4       java.awt.image.PackedColorModel::countBits (44 bytes)
Event: 6907.041 Thread 0x00007fac9f029800 nmethod 18383 0x0000000116b47250 code [0x0000000116b473a0, 0x0000000116b47458]

GC Heap History (10 events):
Event: 1328.396 GC heap before
{Heap before GC invocations=13 (full 3):
 PSYoungGen      total 4505600K, used 4399036K [0x0000000622b00000, 0x0000000797d00000, 0x00000008a2a00000)
  eden space 4091392K, 100% used [0x0000000622b00000,0x000000071c680000,0x000000071c680000)
  from space 414208K, 74% used [0x000000071c680000,0x000000072f2ef360,0x0000000735b00000)
  to   space 441856K, 0% used [0x000000077cd80000,0x000000077cd80000,0x0000000797d00000)
 ParOldGen       total 1777152K, used 388208K [0x0000000122c00000, 0x000000018f380000, 0x0000000622b00000)
  object space 1777152K, 21% used [0x0000000122c00000,0x000000013a71c1f0,0x000000018f380000)
 Metaspace       used 71725K, capacity 73188K, committed 73412K, reserved 1114112K
  class space    used 8778K, capacity 9115K, committed 9204K, reserved 1048576K
Event: 1328.622 GC heap after
Heap after GC invocations=13 (full 3):
 PSYoungGen      total 5440000K, used 51066K [0x0000000622b00000, 0x0000000790a00000, 0x00000008a2a00000)
  eden space 5115904K, 0% used [0x0000000622b00000,0x0000000622b00000,0x000000075af00000)
  from space 324096K, 15% used [0x000000077cd80000,0x000000077ff5eab0,0x0000000790a00000)
  to   space 439808K, 0% used [0x000000075af00000,0x000000075af00000,0x0000000775c80000)
 ParOldGen       total 1777152K, used 553970K [0x0000000122c00000, 0x000000018f380000, 0x0000000622b00000)
  object space 1777152K, 31% used [0x0000000122c00000,0x00000001448fcb30,0x000000018f380000)
 Metaspace       used 71725K, capacity 73188K, committed 73412K, reserved 1114112K
  class space    used 8778K, capacity 9115K, committed 9204K, reserved 1048576K
}
Event: 3625.026 GC heap before
{Heap before GC invocations=14 (full 3):
 PSYoungGen      total 5440000K, used 2803960K [0x0000000622b00000, 0x0000000790a00000, 0x00000008a2a00000)
  eden space 5115904K, 53% used [0x0000000622b00000,0x00000006cab5f898,0x000000075af00000)
  from space 324096K, 15% used [0x000000077cd80000,0x000000077ff5eab0,0x0000000790a00000)
  to   space 439808K, 0% used [0x000000075af00000,0x000000075af00000,0x0000000775c80000)
 ParOldGen       total 1777152K, used 553970K [0x0000000122c00000, 0x000000018f380000, 0x0000000622b00000)
  object space 1777152K, 31% used [0x0000000122c00000,0x00000001448fcb30,0x000000018f380000)
 Metaspace       used 71782K, capacity 73252K, committed 73412K, reserved 1114112K
  class space    used 8780K, capacity 9115K, committed 9204K, reserved 1048576K
Event: 3625.141 GC heap after
Heap after GC invocations=14 (full 3):
 PSYoungGen      total 5209600K, used 93379K [0x0000000622b00000, 0x000000078f100000, 0x00000008a2a00000)
  eden space 5115904K, 0% used [0x0000000622b00000,0x0000000622b00000,0x000000075af00000)
  from space 93696K, 99% used [0x000000075af00000,0x0000000760a30f90,0x0000000760a80000)
  to   space 427008K, 0% used [0x0000000775000000,0x0000000775000000,0x000000078f100000)
 ParOldGen       total 1777152K, used 553978K [0x0000000122c00000, 0x000000018f380000, 0x0000000622b00000)
  object space 1777152K, 31% used [0x0000000122c00000,0x00000001448feb30,0x000000018f380000)
 Metaspace       used 71782K, capacity 73252K, committed 73412K, reserved 1114112K
  class space    used 8780K, capacity 9115K, committed 9204K, reserved 1048576K
}
Event: 3625.141 GC heap before
{Heap before GC invocations=15 (full 4):
 PSYoungGen      total 5209600K, used 93379K [0x0000000622b00000, 0x000000078f100000, 0x00000008a2a00000)
  eden space 5115904K, 0% used [0x0000000622b00000,0x0000000622b00000,0x000000075af00000)
  from space 93696K, 99% used [0x000000075af00000,0x0000000760a30f90,0x0000000760a80000)
  to   space 427008K, 0% used [0x0000000775000000,0x0000000775000000,0x000000078f100000)
 ParOldGen       total 1777152K, used 553978K [0x0000000122c00000, 0x000000018f380000, 0x0000000622b00000)
  object space 1777152K, 31% used [0x0000000122c00000,0x00000001448feb30,0x000000018f380000)
 Metaspace       used 71782K, capacity 73252K, committed 73412K, reserved 1114112K
  class space    used 8780K, capacity 9115K, committed 9204K, reserved 1048576K
Event: 3625.710 GC heap after
Heap after GC invocations=15 (full 4):
 PSYoungGen      total 5209600K, used 0K [0x0000000622b00000, 0x000000078f100000, 0x00000008a2a00000)
  eden space 5115904K, 0% used [0x0000000622b00000,0x0000000622b00000,0x000000075af00000)
  from space 93696K, 0% used [0x000000075af00000,0x000000075af00000,0x0000000760a80000)
  to   space 427008K, 0% used [0x0000000775000000,0x0000000775000000,0x000000078f100000)
 ParOldGen       total 1777152K, used 287681K [0x0000000122c00000, 0x000000018f380000, 0x0000000622b00000)
  object space 1777152K, 16% used [0x0000000122c00000,0x00000001344f0718,0x000000018f380000)
 Metaspace       used 70593K, capacity 72020K, committed 73412K, reserved 1114112K
  class space    used 8487K, capacity 8815K, committed 9204K, reserved 1048576K
}
Event: 7225.719 GC heap before
{Heap before GC invocations=16 (full 4):
 PSYoungGen      total 5209600K, used 1862789K [0x0000000622b00000, 0x000000078f100000, 0x00000008a2a00000)
  eden space 5115904K, 36% used [0x0000000622b00000,0x00000006946217c0,0x000000075af00000)
  from space 93696K, 0% used [0x000000075af00000,0x000000075af00000,0x0000000760a80000)
  to   space 427008K, 0% used [0x0000000775000000,0x0000000775000000,0x000000078f100000)
 ParOldGen       total 1777152K, used 287681K [0x0000000122c00000, 0x000000018f380000, 0x0000000622b00000)
  object space 1777152K, 16% used [0x0000000122c00000,0x00000001344f0718,0x000000018f380000)
 Metaspace       used 70597K, capacity 72020K, committed 73412K, reserved 1114112K
  class space    used 8487K, capacity 8815K, committed 9204K, reserved 1048576K
Event: 7225.723 GC heap after
Heap after GC invocations=16 (full 4):
 PSYoungGen      total 5540864K, used 256K [0x0000000622b00000, 0x000000078f500000, 0x00000008a2a00000)
  eden space 5113856K, 0% used [0x0000000622b00000,0x0000000622b00000,0x000000075ad00000)
  from space 427008K, 0% used [0x0000000775000000,0x0000000775040000,0x000000078f100000)
  to   space 429056K, 0% used [0x000000075ad00000,0x000000075ad00000,0x0000000775000000)
 ParOldGen       total 1777152K, used 287689K [0x0000000122c00000, 0x000000018f380000, 0x0000000622b00000)
  object space 1777152K, 16% used [0x0000000122c00000,0x00000001344f2718,0x000000018f380000)
 Metaspace       used 70597K, capacity 72020K, committed 73412K, reserved 1114112K
  class space    used 8487K, capacity 8815K, committed 9204K, reserved 1048576K
}
Event: 7225.723 GC heap before
{Heap before GC invocations=17 (full 5):
 PSYoungGen      total 5540864K, used 256K [0x0000000622b00000, 0x000000078f500000, 0x00000008a2a00000)
  eden space 5113856K, 0% used [0x0000000622b00000,0x0000000622b00000,0x000000075ad00000)
  from space 427008K, 0% used [0x0000000775000000,0x0000000775040000,0x000000078f100000)
  to   space 429056K, 0% used [0x000000075ad00000,0x000000075ad00000,0x0000000775000000)
 ParOldGen       total 1777152K, used 287689K [0x0000000122c00000, 0x000000018f380000, 0x0000000622b00000)
  object space 1777152K, 16% used [0x0000000122c00000,0x00000001344f2718,0x000000018f380000)
 Metaspace       used 70597K, capacity 72020K, committed 73412K, reserved 1114112K
  class space    used 8487K, capacity 8815K, committed 9204K, reserved 1048576K
Event: 7226.494 GC heap after
Heap after GC invocations=17 (full 5):
 PSYoungGen      total 5540864K, used 0K [0x0000000622b00000, 0x000000078f500000, 0x00000008a2a00000)
  eden space 5113856K, 0% used [0x0000000622b00000,0x0000000622b00000,0x000000075ad00000)
  from space 427008K, 0% used [0x0000000775000000,0x0000000775000000,0x000000078f100000)
  to   space 429056K, 0% used [0x000000075ad00000,0x000000075ad00000,0x0000000775000000)
 ParOldGen       total 1777152K, used 283719K [0x0000000122c00000, 0x000000018f380000, 0x0000000622b00000)
  object space 1777152K, 15% used [0x0000000122c00000,0x0000000134111d30,0x000000018f380000)
 Metaspace       used 70597K, capacity 72020K, committed 73412K, reserved 1114112K
  class space    used 8487K, capacity 8815K, committed 9204K, reserved 1048576K
}

Deoptimization events (10 events):
Event: 1328.713 Thread 0x00007fabed00f000 Uncommon trap: reason=unstable_if action=reinterpret pc=0x000000011412947c method=com.google.gwt.dev.resource.impl.DefaultFilters$FilterFileType.matches(Ljava/lang/String;)Z @ 4
Event: 1328.715 Thread 0x00007fabed00f000 Uncommon trap: reason=unstable_if action=reinterpret pc=0x00000001141fa1d8 method=com.google.gwt.dev.resource.impl.DefaultFilters$FilterFileType.matches(Ljava/lang/String;)Z @ 4
Event: 1328.715 Thread 0x00007fabed00f000 Uncommon trap: reason=unstable_if action=reinterpret pc=0x00000001141619b4 method=org.apache.tools.ant.types.selectors.SelectorUtils.match(Ljava/lang/String;Ljava/lang/String;Z)Z @ 321
Event: 1329.186 Thread 0x00007fabed00f000 Uncommon trap: reason=bimorphic action=maybe_recompile pc=0x00000001141a569c method=com.google.gwt.dev.javac.JdtCompiler.addBinaryTypes(Ljava/util/Collection;)V @ 1
Event: 1329.190 Thread 0x00007fabed00f000 Uncommon trap: reason=bimorphic action=maybe_recompile pc=0x00000001141a569c method=com.google.gwt.dev.javac.JdtCompiler.addBinaryTypes(Ljava/util/Collection;)V @ 1
Event: 1329.357 Thread 0x00007fabed00f000 Uncommon trap: reason=bimorphic action=maybe_recompile pc=0x00000001162ad328 method=com.google.gwt.dev.javac.CompilationUnitTypeOracleUpdater.addNewTypesDontIndex(Lcom/google/gwt/core/ext/TreeLogger;Ljava/util/Collection;)V @ 91
Event: 1330.393 Thread 0x00007faca8717800 Uncommon trap: reason=unstable_if action=reinterpret pc=0x00000001139059dc method=java.util.concurrent.ConcurrentHashMap.sumCount()J @ 30
Event: 1330.394 Thread 0x00007fabdfc9e800 Uncommon trap: reason=unstable_if action=reinterpret pc=0x0000000114a45aa4 method=java.util.concurrent.ConcurrentHashMap.sumCount()J @ 30
Event: 1360.394 Thread 0x00007facaab43800 Uncommon trap: reason=unstable_if action=reinterpret pc=0x0000000115e42954 method=java.util.concurrent.locks.AbstractQueuedSynchronizer.isOnSyncQueue(Ljava/util/concurrent/locks/AbstractQueuedSynchronizer$Node;)Z @ 22
Event: 1367.163 Thread 0x00007fabdfc97800 Uncommon trap: reason=unstable_if action=reinterpret pc=0x0000000115e42954 method=java.util.concurrent.locks.AbstractQueuedSynchronizer.isOnSyncQueue(Ljava/util/concurrent/locks/AbstractQueuedSynchronizer$Node;)Z @ 22

Classes redefined (0 events):
No events

Internal exceptions (10 events):
Event: 429.277 Thread 0x00007fac4a3e4800 Implicit null exception at 0x0000000116837781 to 0x0000000116841a5d
Event: 546.239 Thread 0x00007fabed00f000 Exception <a 'java/lang/ArrayIndexOutOfBoundsException'> (0x00000006c4cbdd80) thrown at [/Users/java_re/workspace/8-2-build-macosx-x86_64/jdk8u201/12322/hotspot/src/share/vm/runtime/sharedRuntime.cpp, line 605]
Event: 1001.429 Thread 0x00007fabed00f000 Exception <a 'java/lang/ArrayIndexOutOfBoundsException': 4100> (0x000000066df3c978) thrown at [/Users/java_re/workspace/8-2-build-macosx-x86_64/jdk8u201/12322/hotspot/src/share/vm/interpreter/interpreterRuntime.cpp, line 368]
Event: 1001.432 Thread 0x00007fabed00f000 Exception <a 'java/lang/ArrayIndexOutOfBoundsException': 2969> (0x000000066df5e6e8) thrown at [/Users/java_re/workspace/8-2-build-macosx-x86_64/jdk8u201/12322/hotspot/src/share/vm/interpreter/interpreterRuntime.cpp, line 368]
Event: 1078.803 Thread 0x00007fabed00f000 Exception <a 'java/lang/ArrayIndexOutOfBoundsException'> (0x00000006c57e18b8) thrown at [/Users/java_re/workspace/8-2-build-macosx-x86_64/jdk8u201/12322/hotspot/src/share/vm/runtime/sharedRuntime.cpp, line 605]
Event: 1328.663 Thread 0x00007fabed00f000 Implicit null exception at 0x000000011412740c to 0x00000001141276be
Event: 1328.713 Thread 0x00007fabed00f000 Implicit null exception at 0x000000011412924a to 0x0000000114129465
Event: 1328.715 Thread 0x00007fabed00f000 Implicit null exception at 0x00000001141f3fa0 to 0x00000001141fa1ad
Event: 1330.393 Thread 0x00007faca8717800 Implicit null exception at 0x0000000113905036 to 0x00000001139059bd
Event: 1330.394 Thread 0x00007fabdfc9e800 Implicit null exception at 0x0000000114a45a55 to 0x0000000114a45a89

Events (10 events):
Event: 6382.697 Thread 0x00007fac9f02b000 flushing nmethod 0x0000000115db4690
Event: 6382.698 Thread 0x00007fac9f02b000 flushing nmethod 0x0000000115f8bb90
Event: 6382.698 Thread 0x00007fac9f02b000 flushing nmethod 0x0000000115f99450
Event: 6382.698 Thread 0x00007fac9f02b000 flushing nmethod 0x0000000115fded50
Event: 6906.361 Thread 0x00007faca8004000 flushing nmethod 0x0000000116651d50
Event: 6906.361 Thread 0x00007faca8004000 flushing nmethod 0x000000011666cd50
Event: 6906.361 Thread 0x00007faca8004000 flushing nmethod 0x00000001167b16d0
Event: 6906.362 Thread 0x00007faca8004000 flushing nmethod 0x0000000116806890
Event: 7225.719 Executing VM operation: ParallelGCSystemGC
Event: 7226.494 Executing VM operation: ParallelGCSystemGC done


Dynamic libraries:
0x00007fff4a6d8000 	/System/Library/Frameworks/Cocoa.framework/Versions/A/Cocoa
0x00007fff564ac000 	/System/Library/Frameworks/Security.framework/Versions/A/Security
0x00007fff4936b000 	/System/Library/Frameworks/ApplicationServices.framework/Versions/A/ApplicationServices
0x00007fff76612000 	/usr/lib/libz.1.dylib
0x00007fff73ef5000 	/usr/lib/libSystem.B.dylib
0x00007fff757ac000 	/usr/lib/libobjc.A.dylib
0x00007fff4af5b000 	/System/Library/Frameworks/CoreFoundation.framework/Versions/A/CoreFoundation
0x00007fff4d1fb000 	/System/Library/Frameworks/Foundation.framework/Versions/C/Foundation
0x00007fff48564000 	/System/Library/Frameworks/AppKit.framework/Versions/C/AppKit
0x00007fff4aad6000 	/System/Library/Frameworks/CoreData.framework/Versions/A/CoreData
0x00007fff6d9bb000 	/System/Library/PrivateFrameworks/RemoteViewServices.framework/Versions/A/RemoteViewServices
0x00007fff71c32000 	/System/Library/PrivateFrameworks/UIFoundation.framework/Versions/A/UIFoundation
0x00007fff73316000 	/System/Library/PrivateFrameworks/XCTTargetBootstrap.framework/Versions/A/XCTTargetBootstrap
0x00007fff4ae6a000 	/System/Library/Frameworks/CoreDisplay.framework/Versions/A/CoreDisplay
0x00007fff686f1000 	/System/Library/PrivateFrameworks/IconServices.framework/Versions/A/IconServices
0x00007fff4fb21000 	/System/Library/Frameworks/Metal.framework/Versions/A/Metal
0x00007fff5fc36000 	/System/Library/PrivateFrameworks/DesktopServicesPriv.framework/Versions/A/DesktopServicesPriv
0x00007fff74b0f000 	/usr/lib/libenergytrace.dylib
0x00007fff70119000 	/System/Library/PrivateFrameworks/SkyLight.framework/Versions/A/SkyLight
0x00007fff4b3a2000 	/System/Library/Frameworks/CoreGraphics.framework/Versions/A/CoreGraphics
0x00007fff4714e000 	/System/Library/Frameworks/Accelerate.framework/Versions/A/Accelerate
0x00007fff4d944000 	/System/Library/Frameworks/IOSurface.framework/Versions/A/IOSurface
0x00007fff5faa2000 	/System/Library/PrivateFrameworks/DFRFoundation.framework/Versions/A/DFRFoundation
0x00007fff4984e000 	/System/Library/Frameworks/AudioToolbox.framework/Versions/A/AudioToolbox
0x00007fff49ac7000 	/System/Library/Frameworks/AudioUnit.framework/Versions/A/AudioUnit
0x00007fff5fb37000 	/System/Library/PrivateFrameworks/DataDetectorsCore.framework/Versions/A/DataDetectorsCore
0x00007fff4a1db000 	/System/Library/Frameworks/Carbon.framework/Versions/A/Frameworks/HIToolbox.framework/Versions/A/HIToolbox
0x00007fff74c68000 	/usr/lib/libicucore.A.dylib
0x00007fff55a20000 	/System/Library/Frameworks/QuartzCore.framework/Versions/A/QuartzCore
0x00007fff4a5b0000 	/System/Library/Frameworks/Carbon.framework/Versions/A/Frameworks/SpeechRecognition.framework/Versions/A/SpeechRecognition
0x00007fff740c9000 	/usr/lib/libauto.dylib
0x00007fff76506000 	/usr/lib/libxml2.2.dylib
0x00007fff5f67d000 	/System/Library/PrivateFrameworks/CoreUI.framework/Versions/A/CoreUI
0x00007fff4a9c1000 	/System/Library/Frameworks/CoreAudio.framework/Versions/A/CoreAudio
0x00007fff4d030000 	/System/Library/Frameworks/DiskArbitration.framework/Versions/A/DiskArbitration
0x00007fff74f16000 	/usr/lib/liblangid.dylib
0x00007fff69afc000 	/System/Library/PrivateFrameworks/MultitouchSupport.framework/Versions/A/MultitouchSupport
0x00007fff4d8b3000 	/System/Library/Frameworks/IOKit.framework/Versions/A/IOKit
0x00007fff73ab5000 	/usr/lib/libDiagnosticMessagesClient.dylib
0x00007fff4c1ce000 	/System/Library/Frameworks/CoreServices.framework/Versions/A/CoreServices
0x00007fff6b7b6000 	/System/Library/PrivateFrameworks/PerformanceAnalysis.framework/Versions/A/PerformanceAnalysis
0x00007fff54c0e000 	/System/Library/Frameworks/OpenGL.framework/Versions/A/OpenGL
0x00007fff4a6e6000 	/System/Library/Frameworks/ColorSync.framework/Versions/A/ColorSync
0x00007fff4ba50000 	/System/Library/Frameworks/CoreImage.framework/Versions/A/CoreImage
0x00007fff4cba6000 	/System/Library/Frameworks/CoreText.framework/Versions/A/CoreText
0x00007fff4d9a7000 	/System/Library/Frameworks/ImageIO.framework/Versions/A/ImageIO
0x00007fff5bccf000 	/System/Library/PrivateFrameworks/Backup.framework/Versions/A/Backup
0x00007fff73f9c000 	/usr/lib/libarchive.2.dylib
0x00007fff49e20000 	/System/Library/Frameworks/CFNetwork.framework/Versions/A/CFNetwork
0x00007fff56c08000 	/System/Library/Frameworks/SystemConfiguration.framework/Versions/A/SystemConfiguration
0x00007fff739e6000 	/usr/lib/libCRFSuite.dylib
0x00007fff741b8000 	/usr/lib/libc++.1.dylib
0x00007fff7420c000 	/usr/lib/libc++abi.dylib
0x00007fff76e08000 	/usr/lib/system/libcache.dylib
0x00007fff76e0d000 	/usr/lib/system/libcommonCrypto.dylib
0x00007fff76e18000 	/usr/lib/system/libcompiler_rt.dylib
0x00007fff76e20000 	/usr/lib/system/libcopyfile.dylib
0x00007fff76e2a000 	/usr/lib/system/libcorecrypto.dylib
0x00007fff76f35000 	/usr/lib/system/libdispatch.dylib
0x00007fff76f6f000 	/usr/lib/system/libdyld.dylib
0x00007fff76f9c000 	/usr/lib/system/libkeymgr.dylib
0x00007fff76faa000 	/usr/lib/system/liblaunch.dylib
0x00007fff76fab000 	/usr/lib/system/libmacho.dylib
0x00007fff76fb1000 	/usr/lib/system/libquarantine.dylib
0x00007fff76fb4000 	/usr/lib/system/libremovefile.dylib
0x00007fff76fb6000 	/usr/lib/system/libsystem_asl.dylib
0x00007fff76fce000 	/usr/lib/system/libsystem_blocks.dylib
0x00007fff76fcf000 	/usr/lib/system/libsystem_c.dylib
0x00007fff77057000 	/usr/lib/system/libsystem_configuration.dylib
0x00007fff7705b000 	/usr/lib/system/libsystem_coreservices.dylib
0x00007fff7705f000 	/usr/lib/system/libsystem_darwin.dylib
0x00007fff77066000 	/usr/lib/system/libsystem_dnssd.dylib
0x00007fff7706d000 	/usr/lib/system/libsystem_info.dylib
0x00007fff770e2000 	/usr/lib/system/libsystem_m.dylib
0x00007fff7712e000 	/usr/lib/system/libsystem_malloc.dylib
0x00007fff77159000 	/usr/lib/system/libsystem_networkextension.dylib
0x00007fff77164000 	/usr/lib/system/libsystem_notify.dylib
0x00007fff77181000 	/usr/lib/system/libsystem_sandbox.dylib
0x00007fff77185000 	/usr/lib/system/libsystem_secinit.dylib
0x00007fff770b9000 	/usr/lib/system/libsystem_kernel.dylib
0x00007fff7716c000 	/usr/lib/system/libsystem_platform.dylib
0x00007fff77176000 	/usr/lib/system/libsystem_pthread.dylib
0x00007fff77188000 	/usr/lib/system/libsystem_symptoms.dylib
0x00007fff77190000 	/usr/lib/system/libsystem_trace.dylib
0x00007fff771a7000 	/usr/lib/system/libunwind.dylib
0x00007fff771ad000 	/usr/lib/system/libxpc.dylib
0x00007fff74199000 	/usr/lib/libbsm.0.dylib
0x00007fff76f9d000 	/usr/lib/system/libkxld.dylib
0x00007fff5b0c0000 	/System/Library/PrivateFrameworks/AppleFSCompression.framework/Versions/A/AppleFSCompression
0x00007fff73db5000 	/usr/lib/libOpenScriptingUtil.dylib
0x00007fff744c1000 	/usr/lib/libcoretls.dylib
0x00007fff744d8000 	/usr/lib/libcoretls_cfhelpers.dylib
0x00007fff75f46000 	/usr/lib/libpam.2.dylib
0x00007fff76106000 	/usr/lib/libsqlite3.dylib
0x00007fff764f4000 	/usr/lib/libxar.1.dylib
0x00007fff741aa000 	/usr/lib/libbz2.1.0.dylib
0x00007fff74f18000 	/usr/lib/liblzma.5.dylib
0x00007fff753c9000 	/usr/lib/libnetwork.dylib
0x00007fff73f85000 	/usr/lib/libapple_nghttp2.dylib
0x00007fff75f4d000 	/usr/lib/libpcap.A.dylib
0x00007fff4c56d000 	/System/Library/Frameworks/CoreServices.framework/Versions/A/Frameworks/FSEvents.framework/Versions/A/FSEvents
0x00007fff4c24c000 	/System/Library/Frameworks/CoreServices.framework/Versions/A/Frameworks/CarbonCore.framework/Versions/A/CarbonCore
0x00007fff4c728000 	/System/Library/Frameworks/CoreServices.framework/Versions/A/Frameworks/Metadata.framework/Versions/A/Metadata
0x00007fff4c7c7000 	/System/Library/Frameworks/CoreServices.framework/Versions/A/Frameworks/OSServices.framework/Versions/A/OSServices
0x00007fff4c812000 	/System/Library/Frameworks/CoreServices.framework/Versions/A/Frameworks/SearchKit.framework/Versions/A/SearchKit
0x00007fff4c1cf000 	/System/Library/Frameworks/CoreServices.framework/Versions/A/Frameworks/AE.framework/Versions/A/AE
0x00007fff4c576000 	/System/Library/Frameworks/CoreServices.framework/Versions/A/Frameworks/LaunchServices.framework/Versions/A/LaunchServices
0x00007fff4c524000 	/System/Library/Frameworks/CoreServices.framework/Versions/A/Frameworks/DictionaryServices.framework/Versions/A/DictionaryServices
0x00007fff4c87a000 	/System/Library/Frameworks/CoreServices.framework/Versions/A/Frameworks/SharedFileList.framework/Versions/A/SharedFileList
0x00007fff50be9000 	/System/Library/Frameworks/NetFS.framework/Versions/A/NetFS
0x00007fff69d62000 	/System/Library/PrivateFrameworks/NetAuth.framework/Versions/A/NetAuth
0x00007fff7371a000 	/System/Library/PrivateFrameworks/login.framework/Versions/A/Frameworks/loginsupport.framework/Versions/A/loginsupport
0x00007fff7183b000 	/System/Library/PrivateFrameworks/TCC.framework/Versions/A/TCC
0x00007fff5ecda000 	/System/Library/PrivateFrameworks/CoreNLP.framework/Versions/A/CoreNLP
0x00007fff697f7000 	/System/Library/PrivateFrameworks/MetadataUtilities.framework/Versions/A/MetadataUtilities
0x00007fff74fed000 	/usr/lib/libmecabra.dylib
0x00007fff4936c000 	/System/Library/Frameworks/ApplicationServices.framework/Versions/A/Frameworks/ATS.framework/Versions/A/ATS
0x00007fff496bb000 	/System/Library/Frameworks/ApplicationServices.framework/Versions/A/Frameworks/ColorSyncLegacy.framework/Versions/A/ColorSyncLegacy
0x00007fff4975a000 	/System/Library/Frameworks/ApplicationServices.framework/Versions/A/Frameworks/HIServices.framework/Versions/A/HIServices
0x00007fff497ad000 	/System/Library/Frameworks/ApplicationServices.framework/Versions/A/Frameworks/LangAnalysis.framework/Versions/A/LangAnalysis
0x00007fff497bd000 	/System/Library/Frameworks/ApplicationServices.framework/Versions/A/Frameworks/PrintCore.framework/Versions/A/PrintCore
0x00007fff49807000 	/System/Library/Frameworks/ApplicationServices.framework/Versions/A/Frameworks/QD.framework/Versions/A/QD
0x00007fff49841000 	/System/Library/Frameworks/ApplicationServices.framework/Versions/A/Frameworks/SpeechSynthesis.framework/Versions/A/SpeechSynthesis
0x00007fff74234000 	/usr/lib/libcompression.dylib
0x00007fff4fdf1000 	/System/Library/Frameworks/MetalPerformanceShaders.framework/Versions/A/MetalPerformanceShaders
0x00007fff47166000 	/System/Library/Frameworks/Accelerate.framework/Versions/A/Frameworks/vImage.framework/Versions/A/vImage
0x00007fff483c2000 	/System/Library/Frameworks/Accelerate.framework/Versions/A/Frameworks/vecLib.framework/Versions/A/vecLib
0x00007fff4824d000 	/System/Library/Frameworks/Accelerate.framework/Versions/A/Frameworks/vecLib.framework/Versions/A/libvMisc.dylib
0x00007fff480ac000 	/System/Library/Frameworks/Accelerate.framework/Versions/A/Frameworks/vecLib.framework/Versions/A/libvDSP.dylib
0x00007fff47a5b000 	/System/Library/Frameworks/Accelerate.framework/Versions/A/Frameworks/vecLib.framework/Versions/A/libBLAS.dylib
0x00007fff47c47000 	/System/Library/Frameworks/Accelerate.framework/Versions/A/Frameworks/vecLib.framework/Versions/A/libLAPACK.dylib
0x00007fff48000000 	/System/Library/Frameworks/Accelerate.framework/Versions/A/Frameworks/vecLib.framework/Versions/A/libLinearAlgebra.dylib
0x00007fff48099000 	/System/Library/Frameworks/Accelerate.framework/Versions/A/Frameworks/vecLib.framework/Versions/A/libSparseBLAS.dylib
0x00007fff48016000 	/System/Library/Frameworks/Accelerate.framework/Versions/A/Frameworks/vecLib.framework/Versions/A/libQuadrature.dylib
0x00007fff47c02000 	/System/Library/Frameworks/Accelerate.framework/Versions/A/Frameworks/vecLib.framework/Versions/A/libBNNS.dylib
0x00007fff4801c000 	/System/Library/Frameworks/Accelerate.framework/Versions/A/Frameworks/vecLib.framework/Versions/A/libSparse.dylib
0x00007fff66028000 	/System/Library/PrivateFrameworks/GPUWrangler.framework/Versions/A/GPUWrangler
0x00007fff68326000 	/System/Library/PrivateFrameworks/IOAccelerator.framework/Versions/A/IOAccelerator
0x00007fff68331000 	/System/Library/PrivateFrameworks/IOPresentment.framework/Versions/A/IOPresentment
0x00007fff5fab2000 	/System/Library/PrivateFrameworks/DSExternalDisplay.framework/Versions/A/DSExternalDisplay
0x00007fff54065000 	/System/Library/Frameworks/OpenGL.framework/Versions/A/Libraries/libCoreFSCache.dylib
0x00007fff4fbe5000 	/System/Library/Frameworks/MetalPerformanceShaders.framework/Frameworks/MPSCore.framework/Versions/A/MPSCore
0x00007fff4fc05000 	/System/Library/Frameworks/MetalPerformanceShaders.framework/Frameworks/MPSImage.framework/Versions/A/MPSImage
0x00007fff4fcaa000 	/System/Library/Frameworks/MetalPerformanceShaders.framework/Frameworks/MPSNeuralNetwork.framework/Versions/A/MPSNeuralNetwork
0x00007fff4fc82000 	/System/Library/Frameworks/MetalPerformanceShaders.framework/Frameworks/MPSMatrix.framework/Versions/A/MPSMatrix
0x00007fff4fdd6000 	/System/Library/Frameworks/MetalPerformanceShaders.framework/Frameworks/MPSRayIntersector.framework/Versions/A/MPSRayIntersector
0x00007fff69820000 	/System/Library/PrivateFrameworks/MetalTools.framework/Versions/A/MetalTools
0x00007fff5a96a000 	/System/Library/PrivateFrameworks/AggregateDictionary.framework/Versions/A/AggregateDictionary
0x00007fff73d95000 	/usr/lib/libMobileGestalt.dylib
0x00007fff4cd09000 	/System/Library/Frameworks/CoreVideo.framework/Versions/A/CoreVideo
0x00007fff66e39000 	/System/Library/PrivateFrameworks/GraphVisualizer.framework/Versions/A/GraphVisualizer
0x00007fff60cb8000 	/System/Library/PrivateFrameworks/FaceCore.framework/Versions/A/FaceCore
0x00007fff53693000 	/System/Library/Frameworks/OpenCL.framework/Versions/A/OpenCL
0x00007fff73aed000 	/usr/lib/libFosl_dynamic.dylib
0x00007fff6a5cd000 	/System/Library/PrivateFrameworks/OTSVG.framework/Versions/A/OTSVG
0x00007fff49470000 	/System/Library/Frameworks/ApplicationServices.framework/Versions/A/Frameworks/ATS.framework/Versions/A/Resources/libFontParser.dylib
0x00007fff49588000 	/System/Library/Frameworks/ApplicationServices.framework/Versions/A/Frameworks/ATS.framework/Versions/A/Resources/libFontRegistry.dylib
0x00007fff4dc19000 	/System/Library/Frameworks/ImageIO.framework/Versions/A/Resources/libJPEG.dylib
0x00007fff4df2c000 	/System/Library/Frameworks/ImageIO.framework/Versions/A/Resources/libTIFF.dylib
0x00007fff4df02000 	/System/Library/Frameworks/ImageIO.framework/Versions/A/Resources/libPng.dylib
0x00007fff4db36000 	/System/Library/Frameworks/ImageIO.framework/Versions/A/Resources/libGIF.dylib
0x00007fff4db3b000 	/System/Library/Frameworks/ImageIO.framework/Versions/A/Resources/libJP2.dylib
0x00007fff4df29000 	/System/Library/Frameworks/ImageIO.framework/Versions/A/Resources/libRadiance.dylib
0x00007fff5b217000 	/System/Library/PrivateFrameworks/AppleJPEG.framework/Versions/A/AppleJPEG
0x00007fff54070000 	/System/Library/Frameworks/OpenGL.framework/Versions/A/Libraries/libGFXShared.dylib
0x00007fff54233000 	/System/Library/Frameworks/OpenGL.framework/Versions/A/Libraries/libGLU.dylib
0x00007fff54079000 	/System/Library/Frameworks/OpenGL.framework/Versions/A/Libraries/libGL.dylib
0x00007fff54085000 	/System/Library/Frameworks/OpenGL.framework/Versions/A/Libraries/libGLImage.dylib
0x00007fff54062000 	/System/Library/Frameworks/OpenGL.framework/Versions/A/Libraries/libCVMSPluginSupport.dylib
0x00007fff5406b000 	/System/Library/Frameworks/OpenGL.framework/Versions/A/Libraries/libCoreVMClient.dylib
0x00007fff74985000 	/usr/lib/libcups.2.dylib
0x00007fff4f0ec000 	/System/Library/Frameworks/Kerberos.framework/Versions/A/Kerberos
0x00007fff4d617000 	/System/Library/Frameworks/GSS.framework/Versions/A/GSS
0x00007fff7609b000 	/usr/lib/libresolv.9.dylib
0x00007fff74b77000 	/usr/lib/libiconv.2.dylib
0x00007fff66fae000 	/System/Library/PrivateFrameworks/Heimdal.framework/Versions/A/Heimdal
0x00007fff74b47000 	/usr/lib/libheimdal-asn1.dylib
0x00007fff53707000 	/System/Library/Frameworks/OpenDirectory.framework/Versions/A/OpenDirectory
0x00007fff5da3d000 	/System/Library/PrivateFrameworks/CommonAuth.framework/Versions/A/CommonAuth
0x00007fff536eb000 	/System/Library/Frameworks/OpenDirectory.framework/Versions/A/Frameworks/CFOpenDirectory.framework/Versions/A/CFOpenDirectory
0x00007fff567ad000 	/System/Library/Frameworks/SecurityFoundation.framework/Versions/A/SecurityFoundation
0x00007fff59eb1000 	/System/Library/PrivateFrameworks/APFS.framework/Versions/A/APFS
0x00007fff764f0000 	/usr/lib/libutil.dylib
0x00007fff74222000 	/usr/lib/libcharset.1.dylib
0x00007fff5b4b4000 	/System/Library/PrivateFrameworks/AppleSauce.framework/Versions/A/AppleSauce
0x00007fff5b635000 	/System/Library/PrivateFrameworks/AssertionServices.framework/Versions/A/AssertionServices
0x00007fff5bd65000 	/System/Library/PrivateFrameworks/BaseBoard.framework/Versions/A/BaseBoard
0x00007fff74f48000 	/usr/lib/libmecab.1.0.0.dylib
0x00007fff74b41000 	/usr/lib/libgermantok.dylib
0x00007fff73f72000 	/usr/lib/libThaiTokenizer.dylib
0x00007fff73a1d000 	/usr/lib/libChineseTokenizer.dylib
0x00007fff689de000 	/System/Library/PrivateFrameworks/LanguageModeling.framework/Versions/A/LanguageModeling
0x00007fff5e71f000 	/System/Library/PrivateFrameworks/CoreEmoji.framework/Versions/A/CoreEmoji
0x00007fff68aba000 	/System/Library/PrivateFrameworks/Lexicon.framework/Versions/A/Lexicon
0x00007fff68afd000 	/System/Library/PrivateFrameworks/LinguisticData.framework/Versions/A/LinguisticData
0x00007fff74223000 	/usr/lib/libcmph.dylib
0x00007fff5686b000 	/System/Library/Frameworks/ServiceManagement.framework/Versions/A/ServiceManagement
0x00007fff5bcc6000 	/System/Library/PrivateFrameworks/BackgroundTaskManagement.framework/Versions/A/BackgroundTaskManagement
0x00007fff765e9000 	/usr/lib/libxslt.1.dylib
0x00007fff4a4dd000 	/System/Library/Frameworks/Carbon.framework/Versions/A/Frameworks/Ink.framework/Versions/A/Ink
0x00007fff71aad000 	/System/Library/PrivateFrameworks/TextureIO.framework/Versions/A/TextureIO
0x00007fff73fc6000 	/usr/lib/libate.dylib
0x00007fff5fa01000 	/System/Library/PrivateFrameworks/CrashReporterSupport.framework/Versions/A/CrashReporterSupport
0x00007fff6f1e7000 	/System/Library/PrivateFrameworks/Sharing.framework/Versions/A/Sharing
0x00007fff5ba18000 	/System/Library/PrivateFrameworks/AuthKit.framework/Versions/A/AuthKit
0x00007fff5af6c000 	/System/Library/PrivateFrameworks/Apple80211.framework/Versions/A/Apple80211
0x00007fff5f7a9000 	/System/Library/PrivateFrameworks/CoreUtils.framework/Versions/A/CoreUtils
0x00007fff4cd4a000 	/System/Library/Frameworks/CoreWLAN.framework/Versions/A/CoreWLAN
0x00007fff4d746000 	/System/Library/Frameworks/IOBluetooth.framework/Versions/A/IOBluetooth
0x00007fff6d657000 	/System/Library/PrivateFrameworks/ProtocolBuffer.framework/Versions/A/ProtocolBuffer
0x00007fff69a58000 	/System/Library/PrivateFrameworks/MobileKeyBag.framework/Versions/A/MobileKeyBag
0x00007fff5efed000 	/System/Library/PrivateFrameworks/CorePhoneNumbers.framework/Versions/A/CorePhoneNumbers
0x00007fff5b1cb000 	/System/Library/PrivateFrameworks/AppleIDAuthSupport.framework/Versions/A/AppleIDAuthSupport
0x00007fff689b1000 	/System/Library/PrivateFrameworks/KeychainCircle.framework/Versions/A/KeychainCircle
0x00007fff6d80d000 	/System/Library/PrivateFrameworks/ROCKit.framework/Versions/A/ROCKit
0x00007fff5f99d000 	/System/Library/PrivateFrameworks/CoreWiFi.framework/Versions/A/CoreWiFi
0x00007fff4aaab000 	/System/Library/Frameworks/CoreBluetooth.framework/Versions/A/CoreBluetooth
0x00007fff5fbf8000 	/System/Library/PrivateFrameworks/DebugSymbols.framework/Versions/A/DebugSymbols
0x00007fff5f569000 	/System/Library/PrivateFrameworks/CoreSymbolication.framework/Versions/A/CoreSymbolication
0x00007fff712c8000 	/System/Library/PrivateFrameworks/Symbolication.framework/Versions/A/Symbolication
0x00007fff70b6b000 	/System/Library/PrivateFrameworks/SpeechRecognitionCore.framework/Versions/A/SpeechRecognitionCore
0x00007fff3f468000 	/System/Library/CoreServices/Encodings/libKoreanConverter.dylib
0x000000010f487000 	/Library/Java/JavaVirtualMachines/jdk1.8.0_201.jdk/Contents/Home/jre/lib/server/libjvm.dylib
0x00007fff763cb000 	/usr/lib/libstdc++.6.dylib
0x0000000110440000 	/Library/Java/JavaVirtualMachines/jdk1.8.0_201.jdk/Contents/Home/jre/lib/libverify.dylib
0x000000011044e000 	/Library/Java/JavaVirtualMachines/jdk1.8.0_201.jdk/Contents/Home/jre/lib/libjava.dylib
0x000000011059c000 	/Library/Java/JavaVirtualMachines/jdk1.8.0_201.jdk/Contents/Home/jre/lib/libzip.dylib
0x00000001105d1000 	/Library/Java/JavaVirtualMachines/jdk1.8.0_201.jdk/Contents/Home/jre/lib/libnet.dylib
0x00000009299db000 	/Library/Java/JavaVirtualMachines/jdk1.8.0_201.jdk/Contents/Home/jre/lib/libawt.dylib
0x0000000929a84000 	/Library/Java/JavaVirtualMachines/jdk1.8.0_201.jdk/Contents/Home/jre/lib/./libmlib_image.dylib
0x00007fff4f0d5000 	/System/Library/Frameworks/JavaVM.framework/Versions/A/Frameworks/JavaNativeFoundation.framework/Versions/A/JavaNativeFoundation
0x00007fff4f0de000 	/System/Library/Frameworks/JavaVM.framework/Versions/A/Frameworks/JavaRuntimeSupport.framework/Versions/A/JavaRuntimeSupport
0x00007fff4f0e7000 	/System/Library/Frameworks/JavaVM.framework/Versions/A/JavaVM
0x00007fff688d0000 	/System/Library/PrivateFrameworks/JavaLaunching.framework/Versions/A/JavaLaunching
0x00007fff4a1d6000 	/System/Library/Frameworks/Carbon.framework/Versions/A/Carbon
0x00007fff4a1d7000 	/System/Library/Frameworks/Carbon.framework/Versions/A/Frameworks/CommonPanels.framework/Versions/A/CommonPanels
0x00007fff4a4d3000 	/System/Library/Frameworks/Carbon.framework/Versions/A/Frameworks/Help.framework/Versions/A/Help
0x00007fff4a4d7000 	/System/Library/Frameworks/Carbon.framework/Versions/A/Frameworks/ImageCapture.framework/Versions/A/ImageCapture
0x00007fff4a573000 	/System/Library/Frameworks/Carbon.framework/Versions/A/Frameworks/OpenScripting.framework/Versions/A/OpenScripting
0x00007fff4a5ab000 	/System/Library/Frameworks/Carbon.framework/Versions/A/Frameworks/Print.framework/Versions/A/Print
0x00007fff4a5ad000 	/System/Library/Frameworks/Carbon.framework/Versions/A/Frameworks/SecurityHI.framework/Versions/A/SecurityHI
0x0000000929b50000 	/Library/Java/JavaVirtualMachines/jdk1.8.0_201.jdk/Contents/Home/jre/lib/libawt_lwawt.dylib
0x0000000929c0a000 	/Library/Java/JavaVirtualMachines/jdk1.8.0_201.jdk/Contents/Home/jre/lib/./libosxapp.dylib
0x00007fff4d1d4000 	/System/Library/Frameworks/ExceptionHandling.framework/Versions/A/ExceptionHandling
0x00007fff5f171000 	/System/Library/PrivateFrameworks/CoreServicesInternal.framework/Versions/A/CoreServicesInternal
0x00007fff3f4cd000 	/System/Library/CoreServices/RawCamera.bundle/Contents/MacOS/RawCamera
0x00007fff698c4000 	/System/Library/PrivateFrameworks/MobileAsset.framework/Versions/A/MobileAsset
0x00007fff71216000 	/System/Library/PrivateFrameworks/StreamingZip.framework/Versions/A/StreamingZip
0x00007fff4f479000 	/System/Library/Frameworks/MediaToolbox.framework/Versions/A/MediaToolbox
0x00007fff5e2c3000 	/System/Library/PrivateFrameworks/CoreAVCHD.framework/Versions/A/CoreAVCHD
0x00007fff4f3bf000 	/System/Library/Frameworks/MediaAccessibility.framework/Versions/A/MediaAccessibility
0x00007fff69320000 	/System/Library/PrivateFrameworks/Mangrove.framework/Versions/A/Mangrove
0x00007fff4c06d000 	/System/Library/Frameworks/CoreMedia.framework/Versions/A/CoreMedia
0x00007fff56ed4000 	/System/Library/Frameworks/VideoToolbox.framework/Versions/A/VideoToolbox
0x00007fff5dedf000 	/System/Library/PrivateFrameworks/CoreAUC.framework/Versions/A/CoreAUC
0x00007fff76104000 	/usr/lib/libspindump.dylib
0x00007fff5b59a000 	/System/Library/PrivateFrameworks/AppleVA.framework/Versions/A/AppleVA
0x00007fff4714f000 	/System/Library/Frameworks/Accelerate.framework/Versions/A/Frameworks/vImage.framework/Versions/A/Libraries/libCGInterfaces.dylib
0x00007fff49624000 	/System/Library/Frameworks/ApplicationServices.framework/Versions/A/Frameworks/ATS.framework/Versions/A/Resources/libTrueTypeScaler.dylib
0x00007fff3f829000 	/System/Library/Extensions/AMDMTLBronzeDriver.bundle/Contents/MacOS/AMDMTLBronzeDriver
0x00007fff6831c000 	/System/Library/PrivateFrameworks/IOAccelMemoryInfo.framework/Versions/A/IOAccelMemoryInfo
0x00007fff64987000 	/System/Library/PrivateFrameworks/GPUCompiler.framework/Versions/3902/Libraries/libmetal_timestamp.dylib
0x00007fff610dd000 	/System/Library/PrivateFrameworks/FamilyControls.framework/Versions/A/FamilyControls
0x00007fff5da30000 	/System/Library/PrivateFrameworks/CommerceKit.framework/Versions/A/Frameworks/CommerceCore.framework/Versions/A/CommerceCore
0x00007fff7159b000 	/System/Library/PrivateFrameworks/SystemAdministration.framework/Versions/A/SystemAdministration
0x00007fff5ae6d000 	/System/Library/PrivateFrameworks/AppContainer.framework/Versions/A/AppContainer
0x00007fff5ae89000 	/System/Library/PrivateFrameworks/AppSandbox.framework/Versions/A/AppSandbox
0x00007fff6f088000 	/System/Library/PrivateFrameworks/SecCodeWrapper.framework/Versions/A/SecCodeWrapper
0x00007fff760b5000 	/usr/lib/libsandbox.1.dylib
0x00007fff73d64000 	/usr/lib/libMatch.1.dylib
0x00007fff5ff7d000 	/System/Library/PrivateFrameworks/DiskManagement.framework/Versions/A/DiskManagement
0x00007fff4cf50000 	/System/Library/Frameworks/DirectoryService.framework/Versions/A/DirectoryService
0x00007fff5feae000 	/System/Library/PrivateFrameworks/DiskImages.framework/Versions/A/DiskImages
0x00007fff68bf6000 	/System/Library/PrivateFrameworks/LoginUIKit.framework/Versions/A/Frameworks/LoginUICore.framework/Versions/A/LoginUICore
0x00007fff73a28000 	/usr/lib/libCoreStorage.dylib
0x00007fff74972000 	/usr/lib/libcsfde.dylib
0x00007fff75f35000 	/usr/lib/libodfde.dylib
0x00007fff69438000 	/System/Library/PrivateFrameworks/MediaKit.framework/Versions/A/MediaKit
0x00007fff4cf5c000 	/System/Library/Frameworks/DiscRecording.framework/Versions/A/DiscRecording
0x00007fff600f1000 	/System/Library/PrivateFrameworks/EFILogin.framework/Versions/A/EFILogin
0x00007fff6d602000 	/System/Library/PrivateFrameworks/ProtectedCloudStorage.framework/Versions/A/ProtectedCloudStorage
0x00007fff74a04000 	/usr/lib/libcurl.4.dylib
0x00007fff74871000 	/usr/lib/libcrypto.42.dylib
0x00007fff7639b000 	/usr/lib/libssl.44.dylib
0x00007fff4f106000 	/System/Library/Frameworks/LDAP.framework/Versions/A/LDAP
0x00007fff71c2b000 	/System/Library/PrivateFrameworks/TrustEvaluationAgent.framework/Versions/A/TrustEvaluationAgent
0x00007fff760f1000 	/usr/lib/libsasl2.2.dylib
0x00007fff5e51c000 	/System/Library/PrivateFrameworks/CoreDaemon.framework/Versions/B/CoreDaemon
0x00007fff5b4af000 	/System/Library/PrivateFrameworks/AppleSRP.framework/Versions/A/AppleSRP
0x00007fff72a65000 	/System/Library/PrivateFrameworks/ViewBridge.framework/Versions/A/ViewBridge
0x00007fff54c1e000 	/System/Library/Frameworks/OpenGL.framework/Versions/A/Resources/GLEngine.bundle/GLEngine
0x00007fff540c0000 	/System/Library/Frameworks/OpenGL.framework/Versions/A/Libraries/libGLProgrammability.dylib
0x000000092d90d000 	/System/Library/Extensions/AMDRadeonX4000GLDriver.bundle/Contents/MacOS/AMDRadeonX4000GLDriver
0x00007fff6601c000 	/System/Library/PrivateFrameworks/GPUSupport.framework/Versions/A/Libraries/libGPUSupportMercury.dylib
0x00007fff3f936000 	/System/Library/Extensions/AMDRadeonX4000GLDriver.bundle/Contents/MacOS/ATIRadeonX4000SCLib.dylib
0x00007fff54db6000 	/System/Library/Frameworks/OpenGL.framework/Versions/A/Resources/GLRendererFloat.bundle/GLRendererFloat
0x00007fff5368a000 	/System/Library/Frameworks/OpenCL.framework/Versions/A/Libraries/libcldcpuengine.dylib
0x00007fff74677000 	/usr/lib/libcrypto.35.dylib
0x000000092db06000 	/Library/Java/JavaVirtualMachines/jdk1.8.0_201.jdk/Contents/Home/jre/lib/libfontmanager.dylib
0x000000092dd93000 	/Library/Java/JavaVirtualMachines/jdk1.8.0_201.jdk/Contents/Home/jre/lib/libnio.dylib
0x000000092ddca000 	/Library/Java/JavaVirtualMachines/jdk1.8.0_201.jdk/Contents/Home/jre/lib/libosxui.dylib
0x000000099af78000 	/usr/lib/libobjc-trampolines.dylib
0x000000099cc69000 	/Library/Java/JavaVirtualMachines/jdk1.8.0_201.jdk/Contents/Home/jre/lib/libosx.dylib
0x000000099dbce000 	/Library/Java/JavaVirtualMachines/jdk1.8.0_201.jdk/Contents/Home/jre/lib/libmanagement.dylib
0x000000099d09b000 	/Library/Java/JavaVirtualMachines/jdk1.8.0_201.jdk/Contents/Home/jre/lib/libsunec.dylib

VM Arguments:
jvm_args: -Dfile.encoding=utf-8 
java_command: com.google.gwt.dev.DevMode -gen /Users/jungwoochoi/eclipse-workspace-simrel/visitkorea-admin-S3/target/.generated -war /Users/jungwoochoi/eclipse-workspace-simrel/visitkorea-admin-S3/target/visitkorea-admin-1.0-SNAPSHOT -logLevel INFO -port 8888 -codeServerPort 9997 -startupUrl index.html -sourceLevel auto -style OBF kr.or.visitkorea.admin.VisitKoreaAdmin
java_class_path (initial): /Users/jungwoochoi/eclipse-workspace-simrel/visitkorea-admin-S3/target/visitkorea-admin-1.0-SNAPSHOT/WEB-INF/classes:/Users/jungwoochoi/eclipse-workspace-simrel/visitkorea-admin-S3/src/main/java:/Users/jungwoochoi/eclipse-workspace-simrel/visitkorea-admin-S3/target/generated-sources/annotations:/Users/jungwoochoi/.m2/repository/com/google/gwt/gwt-servlet/2.8.2/gwt-servlet-2.8.2.jar:/Users/jungwoochoi/.m2/repository/com/google/gwt/gwt-user/2.8.2/gwt-user-2.8.2.jar:/Users/jungwoochoi/.m2/repository/com/google/jsinterop/jsinterop-annotations/1.0.2/jsinterop-annotations-1.0.2.jar:/Users/jungwoochoi/.m2/repository/com/google/jsinterop/jsinterop-annotations/1.0.2/jsinterop-annotations-1.0.2-sources.jar:/Users/jungwoochoi/.m2/repository/javax/validation/validation-api/1.0.0.GA/validation-api-1.0.0.GA.jar:/Users/jungwoochoi/.m2/repository/javax/validation/validation-api/1.0.0.GA/validation-api-1.0.0.GA-sources.jar:/Users/jungwoochoi/.m2/repository/org/w3c/css/sac/1.3/sac-1.3.jar:/Users/jungwoochoi/.m2/repository/com/google/gwt/gwt-dev/2.8.2/gwt-dev-2.8.2.jar:/Users/jungwoochoi/.m2/repository/com/google/code/findbugs/jsr305/1.3.9/jsr305-1.3.9.jar:/Users/jungwoochoi/.m2/repository/org/ow2/asm/asm/5.0.3/asm-5.0.3.jar:/Users/jungwoochoi/.m2/repository/org/ow2/asm/asm-util/5.0.3/asm-util-5.0.3.jar:/Users/jungwoochoi/.m2/repository/org/ow2/asm/asm-tree/5.0.3/asm-tree-5.0.3.jar:/Users/jungwoochoi/.m2/repository/org/ow2/asm/asm-commons/5.0.3/asm-commons-5.0.3.jar:/Users/jungwoochoi/.m2/repository/colt/colt/1.2.0/colt-1.2.0.jar:/Users/jungwoochoi/.m2/repository/ant/ant/1.6.5/ant-1.6.5.jar:/Users/jungwoochoi/.m2/repository/commons-collections/commons-collections/3.2.2/commons-collections-3.2.2.jar:/Users/jungwoochoi/.m2/repository/commons-io/commons-io/2.4/commons-io-2.4.jar:/Users/jungwoochoi/.m2/repository/com/ibm/icu/icu4j/50.1.1/icu4j-50.1.1.jar:/Users/jungwoochoi/.m2/repository/tapestry/tapestry/4.0.2/tapestry-4.0.2.jar:/Users/jungwoochoi/.m2/reposit
Launcher Type: SUN_STANDARD

Environment Variables:
PATH=/usr/bin:/bin:/usr/sbin:/sbin
SHELL=/bin/bash

Signal Handlers:
SIGSEGV: [libjvm.dylib+0x5b723d], sa_mask[0]=11111111011111110111111111111111, sa_flags=SA_ONSTACK|SA_RESTART|SA_SIGINFO
SIGBUS: [libjvm.dylib+0x5b723d], sa_mask[0]=11111111011111110111111111111111, sa_flags=SA_RESTART|SA_SIGINFO
SIGFPE: [libjvm.dylib+0x48c9bc], sa_mask[0]=11111111011111110111111111111111, sa_flags=SA_RESTART|SA_SIGINFO
SIGPIPE: [libjvm.dylib+0x48c9bc], sa_mask[0]=11111111011111110111111111111111, sa_flags=SA_RESTART|SA_SIGINFO
SIGXFSZ: [libjvm.dylib+0x48c9bc], sa_mask[0]=11111111011111110111111111111111, sa_flags=SA_RESTART|SA_SIGINFO
SIGILL: [libjvm.dylib+0x48c9bc], sa_mask[0]=11111111011111110111111111111111, sa_flags=SA_RESTART|SA_SIGINFO
SIGUSR1: SIG_DFL, sa_mask[0]=00000000000000000000000000000000, sa_flags=none
SIGUSR2: [libjvm.dylib+0x48c4da], sa_mask[0]=00100000000000000000000000000000, sa_flags=SA_RESTART|SA_SIGINFO
SIGHUP: [libjvm.dylib+0x48aa65], sa_mask[0]=11111111011111110111111111111111, sa_flags=SA_RESTART|SA_SIGINFO
SIGINT: [libjvm.dylib+0x48aa65], sa_mask[0]=11111111011111110111111111111111, sa_flags=SA_RESTART|SA_SIGINFO
SIGTERM: [libjvm.dylib+0x48aa65], sa_mask[0]=11111111011111110111111111111111, sa_flags=SA_RESTART|SA_SIGINFO
SIGQUIT: [libjvm.dylib+0x48aa65], sa_mask[0]=11111111011111110111111111111111, sa_flags=SA_RESTART|SA_SIGINFO


---------------  S Y S T E M  ---------------

OS:Bsduname:Darwin 18.7.0 Darwin Kernel Version 18.7.0: Thu Jun 20 18:42:21 PDT 2019; root:xnu-4903.270.47~4/RELEASE_X86_64 x86_64
rlimit: STACK 8192k, CORE 0k, NPROC 5674, NOFILE 10240, AS infinity
load average:2.29 2.24 2.61

CPU:total 24 (initial active 24) (6 cores per cpu, 2 threads per core) family 6 model 44 stepping 2, cmov, cx8, fxsr, mmx, sse, sse2, sse3, ssse3, sse4.1, sse4.2, popcnt, aes, clmul, ht, tsc, tscinvbit, tscinv

Memory: 4k page, physical 134217728k(196200k free)

/proc/meminfo:


vm_info: Java HotSpot(TM) 64-Bit Server VM (25.201-b09) for bsd-amd64 JRE (1.8.0_201-b09), built on Dec 15 2018 18:35:23 by "java_re" with gcc 4.2.1 (Based on Apple Inc. build 5658) (LLVM build 2336.11.00)

time: Thu Aug  1 10:12:54 2019
timezone: KST
elapsed time: 7226 seconds (0d 2h 0m 26s)

